15:05:21.271 [main] DEBUG io.netty.channel.nio.NioEventLoop - -Dio.netty.selectorAutoRebuildThreshold: 512
15:05:21.298 [main] TRACE io.netty.channel.nio.NioEventLoop - instrumented a special java.util.Set into: sun.nio.ch.WindowsSelectorImpl@4e9658b5
15:05:21.300 [main] TRACE io.netty.channel.nio.NioEventLoop - instrumented a special java.util.Set into: sun.nio.ch.WindowsSelectorImpl@70eecdc2
15:05:21.302 [main] TRACE io.netty.channel.nio.NioEventLoop - instrumented a special java.util.Set into: sun.nio.ch.WindowsSelectorImpl@c41709a
15:05:21.303 [main] TRACE io.netty.channel.nio.NioEventLoop - instrumented a special java.util.Set into: sun.nio.ch.WindowsSelectorImpl@7db0565c
15:05:21.305 [main] TRACE io.netty.channel.nio.NioEventLoop - instrumented a special java.util.Set into: sun.nio.ch.WindowsSelectorImpl@54ec8cc9
15:05:21.307 [main] TRACE io.netty.channel.nio.NioEventLoop - instrumented a special java.util.Set into: sun.nio.ch.WindowsSelectorImpl@52eacb4b
15:05:21.308 [main] TRACE io.netty.channel.nio.NioEventLoop - instrumented a special java.util.Set into: sun.nio.ch.WindowsSelectorImpl@5528a42c
15:05:21.309 [main] TRACE io.netty.channel.nio.NioEventLoop - instrumented a special java.util.Set into: sun.nio.ch.WindowsSelectorImpl@2a551a63
15:05:21.345 [main] DEBUG io.netty.buffer.PooledByteBufAllocator - -Dio.netty.allocator.numHeapArenas: 8
15:05:21.345 [main] DEBUG io.netty.buffer.PooledByteBufAllocator - -Dio.netty.allocator.numDirectArenas: 8
15:05:21.345 [main] DEBUG io.netty.buffer.PooledByteBufAllocator - -Dio.netty.allocator.pageSize: 8192
15:05:21.345 [main] DEBUG io.netty.buffer.PooledByteBufAllocator - -Dio.netty.allocator.maxOrder: 11
15:05:21.345 [main] DEBUG io.netty.buffer.PooledByteBufAllocator - -Dio.netty.allocator.chunkSize: 16777216
15:05:21.345 [main] DEBUG io.netty.buffer.PooledByteBufAllocator - -Dio.netty.allocator.smallCacheSize: 256
15:05:21.345 [main] DEBUG io.netty.buffer.PooledByteBufAllocator - -Dio.netty.allocator.normalCacheSize: 64
15:05:21.346 [main] DEBUG io.netty.buffer.PooledByteBufAllocator - -Dio.netty.allocator.maxCachedBufferCapacity: 32768
15:05:21.346 [main] DEBUG io.netty.buffer.PooledByteBufAllocator - -Dio.netty.allocator.cacheTrimInterval: 8192
15:05:21.346 [main] DEBUG io.netty.buffer.PooledByteBufAllocator - -Dio.netty.allocator.cacheTrimIntervalMillis: 0
15:05:21.346 [main] DEBUG io.netty.buffer.PooledByteBufAllocator - -Dio.netty.allocator.useCacheForAllThreads: true
15:05:21.346 [main] DEBUG io.netty.buffer.PooledByteBufAllocator - -Dio.netty.allocator.maxCachedByteBuffersPerChunk: 1023
15:05:21.364 [main] DEBUG io.netty.buffer.ByteBufUtil - -Dio.netty.allocator.type: pooled
15:05:21.364 [main] DEBUG io.netty.buffer.ByteBufUtil - -Dio.netty.threadLocalDirectBufferSize: 0
15:05:21.364 [main] DEBUG io.netty.buffer.ByteBufUtil - -Dio.netty.maxThreadLocalCharBufferSize: 16384
15:05:22.354 [Forwarding newSession on session null to remote] DEBUG io.netty.channel.DefaultChannelId - -Dio.netty.processId: 24692 (auto-detected)
15:05:22.357 [Forwarding newSession on session null to remote] DEBUG io.netty.util.NetUtil - -Djava.net.preferIPv4Stack: false
15:05:22.357 [Forwarding newSession on session null to remote] DEBUG io.netty.util.NetUtil - -Djava.net.preferIPv6Addresses: false
15:05:22.608 [Forwarding newSession on session null to remote] DEBUG io.netty.util.NetUtilInitializations - Loopback interface: lo (Software Loopback Interface 1, 127.0.0.1)
15:05:22.610 [Forwarding newSession on session null to remote] DEBUG io.netty.util.NetUtil - Failed to get SOMAXCONN from sysctl and file \proc\sys\net\core\somaxconn. Default: 200
15:05:22.964 [Forwarding newSession on session null to remote] DEBUG io.netty.channel.DefaultChannelId - -Dio.netty.machineId: ec:5c:68:ff:fe:24:c0:d7 (auto-detected)
15:05:23.068 [AsyncHttpClient-1-2] DEBUG io.netty.buffer.AbstractByteBuf - -Dio.netty.buffer.checkAccessible: true
15:05:23.069 [AsyncHttpClient-1-2] DEBUG io.netty.buffer.AbstractByteBuf - -Dio.netty.buffer.checkBounds: true
15:05:23.069 [AsyncHttpClient-1-2] DEBUG io.netty.util.ResourceLeakDetectorFactory - Loaded default ResourceLeakDetector: io.netty.util.ResourceLeakDetector@66f7f9e1
15:05:23.106 [AsyncHttpClient-1-2] DEBUG io.netty.util.Recycler - -Dio.netty.recycler.maxCapacityPerThread: 4096
15:05:23.107 [AsyncHttpClient-1-2] DEBUG io.netty.util.Recycler - -Dio.netty.recycler.maxSharedCapacityFactor: 2
15:05:23.107 [AsyncHttpClient-1-2] DEBUG io.netty.util.Recycler - -Dio.netty.recycler.linkCapacity: 16
15:05:23.107 [AsyncHttpClient-1-2] DEBUG io.netty.util.Recycler - -Dio.netty.recycler.ratio: 8
15:05:23.107 [AsyncHttpClient-1-2] DEBUG io.netty.util.Recycler - -Dio.netty.recycler.delayedQueue.ratio: 8
15:05:24.540 [AsyncHttpClient-1-2] DEBUG io.netty.handler.codec.compression.Brotli - brotli4j not in the classpath; Brotli support will be unavailable.
15:05:24.709 [main] DEBUG io.netty.util.internal.ThreadLocalRandom - -Dio.netty.initialSeedUniquifier: 0x8ab6b22b139c0907
15:05:24.762 [main] INFO  testCases.Tc_006ProductCompare - Launched chrome browser
15:05:24.809 [main] INFO  testCases.Tc_006ProductCompare - started Tc_006ProductCompare
15:05:26.187 [main] INFO  testCases.Tc_006ProductCompare - Home Page Displayed 
15:05:29.725 [main] INFO  testCases.Tc_006ProductCompare - enter product
15:05:33.595 [main] INFO  testCases.Tc_006ProductCompare - product displayed on homepage
15:05:36.670 [main] INFO  testCases.Tc_006ProductCompare - product comparing
15:05:36.704 [main] INFO  testCases.Tc_006ProductCompare - Message not displayed 
15:05:40.429 [main] INFO  testCases.Tc_006ProductCompare - comparisonpage displayed
15:05:40.453 [main] INFO  testCases.Tc_006ProductCompare - item details correct
15:05:40.453 [main] INFO  testCases.Tc_006ProductCompare - finished Tc_006ProductCompare
15:05:40.468 [AsyncHttpClient-1-4] TRACE io.netty.handler.codec.http.websocketx.WebSocket08FrameEncoder - Encoding WebSocket Frame opCode=8 length=26
15:44:12.986 [main] DEBUG io.netty.util.internal.logging.InternalLoggerFactory - Using Log4J2 as the default logging framework
15:44:13.001 [main] DEBUG io.netty.util.ResourceLeakDetector - -Dio.netty.leakDetection.level: simple
15:44:13.001 [main] DEBUG io.netty.util.ResourceLeakDetector - -Dio.netty.leakDetection.targetRecords: 4
15:44:13.008 [main] DEBUG io.netty.util.ResourceLeakDetectorFactory - Loaded default ResourceLeakDetector: io.netty.util.ResourceLeakDetector@77b325b3
15:44:13.040 [main] DEBUG io.netty.util.internal.PlatformDependent0 - -Dio.netty.noUnsafe: false
15:44:13.041 [main] DEBUG io.netty.util.internal.PlatformDependent0 - Java version: 8
15:44:13.043 [main] DEBUG io.netty.util.internal.PlatformDependent0 - sun.misc.Unsafe.theUnsafe: available
15:44:13.043 [main] DEBUG io.netty.util.internal.PlatformDependent0 - sun.misc.Unsafe.copyMemory: available
15:44:13.044 [main] DEBUG io.netty.util.internal.PlatformDependent0 - java.nio.Buffer.address: available
15:44:13.045 [main] DEBUG io.netty.util.internal.PlatformDependent0 - direct buffer constructor: available
15:44:13.046 [main] DEBUG io.netty.util.internal.PlatformDependent0 - java.nio.Bits.unaligned: available, true
15:44:13.046 [main] DEBUG io.netty.util.internal.PlatformDependent0 - jdk.internal.misc.Unsafe.allocateUninitializedArray(int): unavailable prior to Java9
15:44:13.046 [main] DEBUG io.netty.util.internal.PlatformDependent0 - java.nio.DirectByteBuffer.<init>(long, int): available
15:44:13.046 [main] DEBUG io.netty.util.internal.PlatformDependent - sun.misc.Unsafe: available
15:44:13.047 [main] DEBUG io.netty.util.internal.PlatformDependent - -Dio.netty.tmpdir: C:\Users\priya\AppData\Local\Temp (java.io.tmpdir)
15:44:13.047 [main] DEBUG io.netty.util.internal.PlatformDependent - -Dio.netty.bitMode: 64 (sun.arch.data.model)
15:44:13.048 [main] DEBUG io.netty.util.internal.PlatformDependent - Platform: Windows
15:44:13.049 [main] DEBUG io.netty.util.internal.PlatformDependent - -Dio.netty.maxDirectMemory: 1881145344 bytes
15:44:13.049 [main] DEBUG io.netty.util.internal.PlatformDependent - -Dio.netty.uninitializedArrayAllocationThreshold: -1
15:44:13.051 [main] DEBUG io.netty.util.internal.CleanerJava6 - java.nio.ByteBuffer.cleaner(): available
15:44:13.051 [main] DEBUG io.netty.util.internal.PlatformDependent - -Dio.netty.noPreferDirect: false
15:44:13.069 [main] DEBUG io.netty.util.internal.PlatformDependent - org.jctools-core.MpscChunkedArrayQueue: available
15:44:13.108 [main] DEBUG io.netty.util.internal.InternalThreadLocalMap - -Dio.netty.threadLocalMap.stringBuilder.initialSize: 1024
15:44:13.108 [main] DEBUG io.netty.util.internal.InternalThreadLocalMap - -Dio.netty.threadLocalMap.stringBuilder.maxSize: 4096
15:44:13.137 [main] DEBUG io.netty.handler.ssl.JdkSslContext - Default protocols (JDK): [TLSv1.2, TLSv1.1, TLSv1] 
15:44:13.138 [main] DEBUG io.netty.handler.ssl.JdkSslContext - Default cipher suites (JDK): [TLS_ECDHE_ECDSA_WITH_AES_256_GCM_SHA384, TLS_ECDHE_ECDSA_WITH_AES_128_GCM_SHA256, TLS_ECDHE_RSA_WITH_AES_128_GCM_SHA256, TLS_ECDHE_RSA_WITH_AES_256_GCM_SHA384, TLS_ECDHE_RSA_WITH_AES_128_CBC_SHA, TLS_ECDHE_RSA_WITH_AES_256_CBC_SHA, TLS_RSA_WITH_AES_128_GCM_SHA256, TLS_RSA_WITH_AES_128_CBC_SHA, TLS_RSA_WITH_AES_256_CBC_SHA]
15:44:13.192 [main] DEBUG io.netty.channel.MultithreadEventLoopGroup - -Dio.netty.eventLoopThreads: 8
15:44:13.221 [main] DEBUG io.netty.channel.nio.NioEventLoop - -Dio.netty.noKeySetOptimization: false
15:44:13.221 [main] DEBUG io.netty.channel.nio.NioEventLoop - -Dio.netty.selectorAutoRebuildThreshold: 512
15:44:13.238 [main] TRACE io.netty.channel.nio.NioEventLoop - instrumented a special java.util.Set into: sun.nio.ch.WindowsSelectorImpl@36453307
15:44:13.240 [main] TRACE io.netty.channel.nio.NioEventLoop - instrumented a special java.util.Set into: sun.nio.ch.WindowsSelectorImpl@6a9287b1
15:44:13.241 [main] TRACE io.netty.channel.nio.NioEventLoop - instrumented a special java.util.Set into: sun.nio.ch.WindowsSelectorImpl@75504cef
15:44:13.242 [main] TRACE io.netty.channel.nio.NioEventLoop - instrumented a special java.util.Set into: sun.nio.ch.WindowsSelectorImpl@6c8a68c1
15:44:13.244 [main] TRACE io.netty.channel.nio.NioEventLoop - instrumented a special java.util.Set into: sun.nio.ch.WindowsSelectorImpl@56193c7d
15:44:13.245 [main] TRACE io.netty.channel.nio.NioEventLoop - instrumented a special java.util.Set into: sun.nio.ch.WindowsSelectorImpl@28c88600
15:44:13.246 [main] TRACE io.netty.channel.nio.NioEventLoop - instrumented a special java.util.Set into: sun.nio.ch.WindowsSelectorImpl@5f8890c2
15:44:13.247 [main] TRACE io.netty.channel.nio.NioEventLoop - instrumented a special java.util.Set into: sun.nio.ch.WindowsSelectorImpl@607b2792
15:44:13.281 [main] DEBUG io.netty.buffer.PooledByteBufAllocator - -Dio.netty.allocator.numHeapArenas: 8
15:44:13.282 [main] DEBUG io.netty.buffer.PooledByteBufAllocator - -Dio.netty.allocator.numDirectArenas: 8
15:44:13.282 [main] DEBUG io.netty.buffer.PooledByteBufAllocator - -Dio.netty.allocator.pageSize: 8192
15:44:13.282 [main] DEBUG io.netty.buffer.PooledByteBufAllocator - -Dio.netty.allocator.maxOrder: 11
15:44:13.282 [main] DEBUG io.netty.buffer.PooledByteBufAllocator - -Dio.netty.allocator.chunkSize: 16777216
15:44:13.282 [main] DEBUG io.netty.buffer.PooledByteBufAllocator - -Dio.netty.allocator.smallCacheSize: 256
15:44:13.282 [main] DEBUG io.netty.buffer.PooledByteBufAllocator - -Dio.netty.allocator.normalCacheSize: 64
15:44:13.282 [main] DEBUG io.netty.buffer.PooledByteBufAllocator - -Dio.netty.allocator.maxCachedBufferCapacity: 32768
15:44:13.282 [main] DEBUG io.netty.buffer.PooledByteBufAllocator - -Dio.netty.allocator.cacheTrimInterval: 8192
15:44:13.282 [main] DEBUG io.netty.buffer.PooledByteBufAllocator - -Dio.netty.allocator.cacheTrimIntervalMillis: 0
15:44:13.282 [main] DEBUG io.netty.buffer.PooledByteBufAllocator - -Dio.netty.allocator.useCacheForAllThreads: true
15:44:13.282 [main] DEBUG io.netty.buffer.PooledByteBufAllocator - -Dio.netty.allocator.maxCachedByteBuffersPerChunk: 1023
15:44:13.299 [main] DEBUG io.netty.buffer.ByteBufUtil - -Dio.netty.allocator.type: pooled
15:44:13.299 [main] DEBUG io.netty.buffer.ByteBufUtil - -Dio.netty.threadLocalDirectBufferSize: 0
15:44:13.299 [main] DEBUG io.netty.buffer.ByteBufUtil - -Dio.netty.maxThreadLocalCharBufferSize: 16384
15:44:15.806 [Forwarding newSession on session null to remote] DEBUG io.netty.channel.DefaultChannelId - -Dio.netty.processId: 28124 (auto-detected)
15:44:15.808 [Forwarding newSession on session null to remote] DEBUG io.netty.util.NetUtil - -Djava.net.preferIPv4Stack: false
15:44:15.808 [Forwarding newSession on session null to remote] DEBUG io.netty.util.NetUtil - -Djava.net.preferIPv6Addresses: false
15:44:15.995 [Forwarding newSession on session null to remote] DEBUG io.netty.util.NetUtilInitializations - Loopback interface: lo (Software Loopback Interface 1, 127.0.0.1)
15:44:15.997 [Forwarding newSession on session null to remote] DEBUG io.netty.util.NetUtil - Failed to get SOMAXCONN from sysctl and file \proc\sys\net\core\somaxconn. Default: 200
15:44:16.196 [Forwarding newSession on session null to remote] DEBUG io.netty.channel.DefaultChannelId - -Dio.netty.machineId: ec:5c:68:ff:fe:24:c0:d7 (auto-detected)
15:44:16.277 [AsyncHttpClient-1-2] DEBUG io.netty.buffer.AbstractByteBuf - -Dio.netty.buffer.checkAccessible: true
15:44:16.277 [AsyncHttpClient-1-2] DEBUG io.netty.buffer.AbstractByteBuf - -Dio.netty.buffer.checkBounds: true
15:44:16.277 [AsyncHttpClient-1-2] DEBUG io.netty.util.ResourceLeakDetectorFactory - Loaded default ResourceLeakDetector: io.netty.util.ResourceLeakDetector@4279abd1
15:44:16.326 [AsyncHttpClient-1-2] DEBUG io.netty.util.Recycler - -Dio.netty.recycler.maxCapacityPerThread: 4096
15:44:16.326 [AsyncHttpClient-1-2] DEBUG io.netty.util.Recycler - -Dio.netty.recycler.maxSharedCapacityFactor: 2
15:44:16.326 [AsyncHttpClient-1-2] DEBUG io.netty.util.Recycler - -Dio.netty.recycler.linkCapacity: 16
15:44:16.326 [AsyncHttpClient-1-2] DEBUG io.netty.util.Recycler - -Dio.netty.recycler.ratio: 8
15:44:16.326 [AsyncHttpClient-1-2] DEBUG io.netty.util.Recycler - -Dio.netty.recycler.delayedQueue.ratio: 8
15:44:17.998 [AsyncHttpClient-1-2] DEBUG io.netty.handler.codec.compression.Brotli - brotli4j not in the classpath; Brotli support will be unavailable.
15:44:18.388 [main] DEBUG io.netty.util.internal.ThreadLocalRandom - -Dio.netty.initialSeedUniquifier: 0xa47a277b222a1d20
15:44:18.449 [main] INFO  testCases.Tc_006ProductCompare - Launched chrome browser
15:44:18.493 [main] INFO  testCases.Tc_006ProductCompare - started Tc_006ProductCompare
15:44:18.729 [main] FATAL testCases.Tc_006ProductCompare - productcomparison failed
15:44:39.805 [main] DEBUG io.netty.util.internal.logging.InternalLoggerFactory - Using Log4J2 as the default logging framework
15:44:39.818 [main] DEBUG io.netty.util.ResourceLeakDetector - -Dio.netty.leakDetection.level: simple
15:44:39.818 [main] DEBUG io.netty.util.ResourceLeakDetector - -Dio.netty.leakDetection.targetRecords: 4
15:44:39.827 [main] DEBUG io.netty.util.ResourceLeakDetectorFactory - Loaded default ResourceLeakDetector: io.netty.util.ResourceLeakDetector@1cb3ec38
15:44:39.886 [main] DEBUG io.netty.util.internal.PlatformDependent0 - -Dio.netty.noUnsafe: false
15:44:39.887 [main] DEBUG io.netty.util.internal.PlatformDependent0 - Java version: 8
15:44:39.888 [main] DEBUG io.netty.util.internal.PlatformDependent0 - sun.misc.Unsafe.theUnsafe: available
15:44:39.890 [main] DEBUG io.netty.util.internal.PlatformDependent0 - sun.misc.Unsafe.copyMemory: available
15:44:39.891 [main] DEBUG io.netty.util.internal.PlatformDependent0 - java.nio.Buffer.address: available
15:44:39.892 [main] DEBUG io.netty.util.internal.PlatformDependent0 - direct buffer constructor: available
15:44:39.914 [main] DEBUG io.netty.util.internal.PlatformDependent0 - java.nio.Bits.unaligned: available, true
15:44:39.914 [main] DEBUG io.netty.util.internal.PlatformDependent0 - jdk.internal.misc.Unsafe.allocateUninitializedArray(int): unavailable prior to Java9
15:44:39.914 [main] DEBUG io.netty.util.internal.PlatformDependent0 - java.nio.DirectByteBuffer.<init>(long, int): available
15:44:39.915 [main] DEBUG io.netty.util.internal.PlatformDependent - sun.misc.Unsafe: available
15:44:39.916 [main] DEBUG io.netty.util.internal.PlatformDependent - -Dio.netty.tmpdir: C:\Users\priya\AppData\Local\Temp (java.io.tmpdir)
15:44:39.917 [main] DEBUG io.netty.util.internal.PlatformDependent - -Dio.netty.bitMode: 64 (sun.arch.data.model)
15:44:39.920 [main] DEBUG io.netty.util.internal.PlatformDependent - Platform: Windows
15:44:39.922 [main] DEBUG io.netty.util.internal.PlatformDependent - -Dio.netty.maxDirectMemory: 1881145344 bytes
15:44:39.922 [main] DEBUG io.netty.util.internal.PlatformDependent - -Dio.netty.uninitializedArrayAllocationThreshold: -1
15:44:39.928 [main] DEBUG io.netty.util.internal.CleanerJava6 - java.nio.ByteBuffer.cleaner(): available
15:44:39.928 [main] DEBUG io.netty.util.internal.PlatformDependent - -Dio.netty.noPreferDirect: false
15:44:39.973 [main] DEBUG io.netty.util.internal.PlatformDependent - org.jctools-core.MpscChunkedArrayQueue: available
15:44:40.011 [main] DEBUG io.netty.util.internal.InternalThreadLocalMap - -Dio.netty.threadLocalMap.stringBuilder.initialSize: 1024
15:44:40.011 [main] DEBUG io.netty.util.internal.InternalThreadLocalMap - -Dio.netty.threadLocalMap.stringBuilder.maxSize: 4096
15:44:40.052 [main] DEBUG io.netty.handler.ssl.JdkSslContext - Default protocols (JDK): [TLSv1.2, TLSv1.1, TLSv1] 
15:44:40.053 [main] DEBUG io.netty.handler.ssl.JdkSslContext - Default cipher suites (JDK): [TLS_ECDHE_ECDSA_WITH_AES_256_GCM_SHA384, TLS_ECDHE_ECDSA_WITH_AES_128_GCM_SHA256, TLS_ECDHE_RSA_WITH_AES_128_GCM_SHA256, TLS_ECDHE_RSA_WITH_AES_256_GCM_SHA384, TLS_ECDHE_RSA_WITH_AES_128_CBC_SHA, TLS_ECDHE_RSA_WITH_AES_256_CBC_SHA, TLS_RSA_WITH_AES_128_GCM_SHA256, TLS_RSA_WITH_AES_128_CBC_SHA, TLS_RSA_WITH_AES_256_CBC_SHA]
15:44:40.101 [main] DEBUG io.netty.channel.MultithreadEventLoopGroup - -Dio.netty.eventLoopThreads: 8
15:44:40.115 [main] DEBUG io.netty.channel.nio.NioEventLoop - -Dio.netty.noKeySetOptimization: false
15:44:40.115 [main] DEBUG io.netty.channel.nio.NioEventLoop - -Dio.netty.selectorAutoRebuildThreshold: 512
15:44:40.129 [main] TRACE io.netty.channel.nio.NioEventLoop - instrumented a special java.util.Set into: sun.nio.ch.WindowsSelectorImpl@d816dde
15:44:40.131 [main] TRACE io.netty.channel.nio.NioEventLoop - instrumented a special java.util.Set into: sun.nio.ch.WindowsSelectorImpl@31c269fd
15:44:40.132 [main] TRACE io.netty.channel.nio.NioEventLoop - instrumented a special java.util.Set into: sun.nio.ch.WindowsSelectorImpl@372b0d86
15:44:40.133 [main] TRACE io.netty.channel.nio.NioEventLoop - instrumented a special java.util.Set into: sun.nio.ch.WindowsSelectorImpl@47747fb9
15:44:40.134 [main] TRACE io.netty.channel.nio.NioEventLoop - instrumented a special java.util.Set into: sun.nio.ch.WindowsSelectorImpl@3113a37
15:44:40.136 [main] TRACE io.netty.channel.nio.NioEventLoop - instrumented a special java.util.Set into: sun.nio.ch.WindowsSelectorImpl@213e3629
15:44:40.138 [main] TRACE io.netty.channel.nio.NioEventLoop - instrumented a special java.util.Set into: sun.nio.ch.WindowsSelectorImpl@4e9658b5
15:44:40.139 [main] TRACE io.netty.channel.nio.NioEventLoop - instrumented a special java.util.Set into: sun.nio.ch.WindowsSelectorImpl@2a7b6f69
15:44:40.170 [main] DEBUG io.netty.buffer.PooledByteBufAllocator - -Dio.netty.allocator.numHeapArenas: 8
15:44:40.170 [main] DEBUG io.netty.buffer.PooledByteBufAllocator - -Dio.netty.allocator.numDirectArenas: 8
15:44:40.170 [main] DEBUG io.netty.buffer.PooledByteBufAllocator - -Dio.netty.allocator.pageSize: 8192
15:44:40.170 [main] DEBUG io.netty.buffer.PooledByteBufAllocator - -Dio.netty.allocator.maxOrder: 11
15:44:40.171 [main] DEBUG io.netty.buffer.PooledByteBufAllocator - -Dio.netty.allocator.chunkSize: 16777216
15:44:40.171 [main] DEBUG io.netty.buffer.PooledByteBufAllocator - -Dio.netty.allocator.smallCacheSize: 256
15:44:40.171 [main] DEBUG io.netty.buffer.PooledByteBufAllocator - -Dio.netty.allocator.normalCacheSize: 64
15:44:40.171 [main] DEBUG io.netty.buffer.PooledByteBufAllocator - -Dio.netty.allocator.maxCachedBufferCapacity: 32768
15:44:40.171 [main] DEBUG io.netty.buffer.PooledByteBufAllocator - -Dio.netty.allocator.cacheTrimInterval: 8192
15:44:40.171 [main] DEBUG io.netty.buffer.PooledByteBufAllocator - -Dio.netty.allocator.cacheTrimIntervalMillis: 0
15:44:40.171 [main] DEBUG io.netty.buffer.PooledByteBufAllocator - -Dio.netty.allocator.useCacheForAllThreads: true
15:44:40.171 [main] DEBUG io.netty.buffer.PooledByteBufAllocator - -Dio.netty.allocator.maxCachedByteBuffersPerChunk: 1023
15:44:40.187 [main] DEBUG io.netty.buffer.ByteBufUtil - -Dio.netty.allocator.type: pooled
15:44:40.188 [main] DEBUG io.netty.buffer.ByteBufUtil - -Dio.netty.threadLocalDirectBufferSize: 0
15:44:40.188 [main] DEBUG io.netty.buffer.ByteBufUtil - -Dio.netty.maxThreadLocalCharBufferSize: 16384
15:44:41.351 [Forwarding newSession on session null to remote] DEBUG io.netty.channel.DefaultChannelId - -Dio.netty.processId: 1408 (auto-detected)
15:44:41.355 [Forwarding newSession on session null to remote] DEBUG io.netty.util.NetUtil - -Djava.net.preferIPv4Stack: false
15:44:41.355 [Forwarding newSession on session null to remote] DEBUG io.netty.util.NetUtil - -Djava.net.preferIPv6Addresses: false
15:44:41.587 [Forwarding newSession on session null to remote] DEBUG io.netty.util.NetUtilInitializations - Loopback interface: lo (Software Loopback Interface 1, 127.0.0.1)
15:44:41.590 [Forwarding newSession on session null to remote] DEBUG io.netty.util.NetUtil - Failed to get SOMAXCONN from sysctl and file \proc\sys\net\core\somaxconn. Default: 200
15:44:41.801 [Forwarding newSession on session null to remote] DEBUG io.netty.channel.DefaultChannelId - -Dio.netty.machineId: ec:5c:68:ff:fe:24:c0:d7 (auto-detected)
15:44:41.896 [AsyncHttpClient-1-2] DEBUG io.netty.buffer.AbstractByteBuf - -Dio.netty.buffer.checkAccessible: true
15:44:41.896 [AsyncHttpClient-1-2] DEBUG io.netty.buffer.AbstractByteBuf - -Dio.netty.buffer.checkBounds: true
15:44:41.897 [AsyncHttpClient-1-2] DEBUG io.netty.util.ResourceLeakDetectorFactory - Loaded default ResourceLeakDetector: io.netty.util.ResourceLeakDetector@69d1bb5
15:44:41.944 [AsyncHttpClient-1-2] DEBUG io.netty.util.Recycler - -Dio.netty.recycler.maxCapacityPerThread: 4096
15:44:41.944 [AsyncHttpClient-1-2] DEBUG io.netty.util.Recycler - -Dio.netty.recycler.maxSharedCapacityFactor: 2
15:44:41.944 [AsyncHttpClient-1-2] DEBUG io.netty.util.Recycler - -Dio.netty.recycler.linkCapacity: 16
15:44:41.944 [AsyncHttpClient-1-2] DEBUG io.netty.util.Recycler - -Dio.netty.recycler.ratio: 8
15:44:41.944 [AsyncHttpClient-1-2] DEBUG io.netty.util.Recycler - -Dio.netty.recycler.delayedQueue.ratio: 8
15:44:43.135 [AsyncHttpClient-1-2] DEBUG io.netty.handler.codec.compression.Brotli - brotli4j not in the classpath; Brotli support will be unavailable.
15:44:43.431 [main] DEBUG io.netty.util.internal.ThreadLocalRandom - -Dio.netty.initialSeedUniquifier: 0x5b40569c3eca6894
15:44:43.534 [main] INFO  testCases.Tc_006ProductCompare - Launched chrome browser
15:44:43.602 [main] INFO  testCases.Tc_006ProductCompare - started Tc_006ProductCompare
15:44:45.026 [main] INFO  testCases.Tc_006ProductCompare - Home Page Displayed 
15:44:48.659 [main] INFO  testCases.Tc_006ProductCompare - enter product
15:44:52.473 [main] INFO  testCases.Tc_006ProductCompare - product displayed on homepage
15:44:55.545 [main] INFO  testCases.Tc_006ProductCompare - product comparing
15:44:55.604 [main] FATAL testCases.Tc_006ProductCompare - productcomparison failed
15:44:55.805 [AsyncHttpClient-1-4] TRACE io.netty.handler.codec.http.websocketx.WebSocket08FrameEncoder - Encoding WebSocket Frame opCode=8 length=26
15:46:40.926 [main] DEBUG io.netty.util.internal.logging.InternalLoggerFactory - Using Log4J2 as the default logging framework
15:46:40.938 [main] DEBUG io.netty.util.ResourceLeakDetector - -Dio.netty.leakDetection.level: simple
15:46:40.938 [main] DEBUG io.netty.util.ResourceLeakDetector - -Dio.netty.leakDetection.targetRecords: 4
15:46:40.946 [main] DEBUG io.netty.util.ResourceLeakDetectorFactory - Loaded default ResourceLeakDetector: io.netty.util.ResourceLeakDetector@1cb3ec38
15:46:40.986 [main] DEBUG io.netty.util.internal.PlatformDependent0 - -Dio.netty.noUnsafe: false
15:46:40.986 [main] DEBUG io.netty.util.internal.PlatformDependent0 - Java version: 8
15:46:40.988 [main] DEBUG io.netty.util.internal.PlatformDependent0 - sun.misc.Unsafe.theUnsafe: available
15:46:40.990 [main] DEBUG io.netty.util.internal.PlatformDependent0 - sun.misc.Unsafe.copyMemory: available
15:46:40.991 [main] DEBUG io.netty.util.internal.PlatformDependent0 - java.nio.Buffer.address: available
15:46:40.992 [main] DEBUG io.netty.util.internal.PlatformDependent0 - direct buffer constructor: available
15:46:40.994 [main] DEBUG io.netty.util.internal.PlatformDependent0 - java.nio.Bits.unaligned: available, true
15:46:40.994 [main] DEBUG io.netty.util.internal.PlatformDependent0 - jdk.internal.misc.Unsafe.allocateUninitializedArray(int): unavailable prior to Java9
15:46:40.994 [main] DEBUG io.netty.util.internal.PlatformDependent0 - java.nio.DirectByteBuffer.<init>(long, int): available
15:46:40.994 [main] DEBUG io.netty.util.internal.PlatformDependent - sun.misc.Unsafe: available
15:46:40.995 [main] DEBUG io.netty.util.internal.PlatformDependent - -Dio.netty.tmpdir: C:\Users\priya\AppData\Local\Temp (java.io.tmpdir)
15:46:40.996 [main] DEBUG io.netty.util.internal.PlatformDependent - -Dio.netty.bitMode: 64 (sun.arch.data.model)
15:46:40.997 [main] DEBUG io.netty.util.internal.PlatformDependent - Platform: Windows
15:46:40.998 [main] DEBUG io.netty.util.internal.PlatformDependent - -Dio.netty.maxDirectMemory: 1881145344 bytes
15:46:40.999 [main] DEBUG io.netty.util.internal.PlatformDependent - -Dio.netty.uninitializedArrayAllocationThreshold: -1
15:46:41.001 [main] DEBUG io.netty.util.internal.CleanerJava6 - java.nio.ByteBuffer.cleaner(): available
15:46:41.002 [main] DEBUG io.netty.util.internal.PlatformDependent - -Dio.netty.noPreferDirect: false
15:46:41.042 [main] DEBUG io.netty.util.internal.PlatformDependent - org.jctools-core.MpscChunkedArrayQueue: available
15:46:41.089 [main] DEBUG io.netty.util.internal.InternalThreadLocalMap - -Dio.netty.threadLocalMap.stringBuilder.initialSize: 1024
15:46:41.091 [main] DEBUG io.netty.util.internal.InternalThreadLocalMap - -Dio.netty.threadLocalMap.stringBuilder.maxSize: 4096
15:46:41.158 [main] DEBUG io.netty.handler.ssl.JdkSslContext - Default protocols (JDK): [TLSv1.2, TLSv1.1, TLSv1] 
15:46:41.158 [main] DEBUG io.netty.handler.ssl.JdkSslContext - Default cipher suites (JDK): [TLS_ECDHE_ECDSA_WITH_AES_256_GCM_SHA384, TLS_ECDHE_ECDSA_WITH_AES_128_GCM_SHA256, TLS_ECDHE_RSA_WITH_AES_128_GCM_SHA256, TLS_ECDHE_RSA_WITH_AES_256_GCM_SHA384, TLS_ECDHE_RSA_WITH_AES_128_CBC_SHA, TLS_ECDHE_RSA_WITH_AES_256_CBC_SHA, TLS_RSA_WITH_AES_128_GCM_SHA256, TLS_RSA_WITH_AES_128_CBC_SHA, TLS_RSA_WITH_AES_256_CBC_SHA]
15:46:41.232 [main] DEBUG io.netty.channel.MultithreadEventLoopGroup - -Dio.netty.eventLoopThreads: 8
15:46:41.251 [main] DEBUG io.netty.channel.nio.NioEventLoop - -Dio.netty.noKeySetOptimization: false
15:46:41.252 [main] DEBUG io.netty.channel.nio.NioEventLoop - -Dio.netty.selectorAutoRebuildThreshold: 512
15:46:41.280 [main] TRACE io.netty.channel.nio.NioEventLoop - instrumented a special java.util.Set into: sun.nio.ch.WindowsSelectorImpl@d816dde
15:46:41.283 [main] TRACE io.netty.channel.nio.NioEventLoop - instrumented a special java.util.Set into: sun.nio.ch.WindowsSelectorImpl@31c269fd
15:46:41.284 [main] TRACE io.netty.channel.nio.NioEventLoop - instrumented a special java.util.Set into: sun.nio.ch.WindowsSelectorImpl@372b0d86
15:46:41.286 [main] TRACE io.netty.channel.nio.NioEventLoop - instrumented a special java.util.Set into: sun.nio.ch.WindowsSelectorImpl@47747fb9
15:46:41.288 [main] TRACE io.netty.channel.nio.NioEventLoop - instrumented a special java.util.Set into: sun.nio.ch.WindowsSelectorImpl@3113a37
15:46:41.290 [main] TRACE io.netty.channel.nio.NioEventLoop - instrumented a special java.util.Set into: sun.nio.ch.WindowsSelectorImpl@213e3629
15:46:41.291 [main] TRACE io.netty.channel.nio.NioEventLoop - instrumented a special java.util.Set into: sun.nio.ch.WindowsSelectorImpl@4e9658b5
15:46:41.293 [main] TRACE io.netty.channel.nio.NioEventLoop - instrumented a special java.util.Set into: sun.nio.ch.WindowsSelectorImpl@2a7b6f69
15:46:41.336 [main] DEBUG io.netty.buffer.PooledByteBufAllocator - -Dio.netty.allocator.numHeapArenas: 8
15:46:41.336 [main] DEBUG io.netty.buffer.PooledByteBufAllocator - -Dio.netty.allocator.numDirectArenas: 8
15:46:41.336 [main] DEBUG io.netty.buffer.PooledByteBufAllocator - -Dio.netty.allocator.pageSize: 8192
15:46:41.336 [main] DEBUG io.netty.buffer.PooledByteBufAllocator - -Dio.netty.allocator.maxOrder: 11
15:46:41.336 [main] DEBUG io.netty.buffer.PooledByteBufAllocator - -Dio.netty.allocator.chunkSize: 16777216
15:46:41.336 [main] DEBUG io.netty.buffer.PooledByteBufAllocator - -Dio.netty.allocator.smallCacheSize: 256
15:46:41.336 [main] DEBUG io.netty.buffer.PooledByteBufAllocator - -Dio.netty.allocator.normalCacheSize: 64
15:46:41.336 [main] DEBUG io.netty.buffer.PooledByteBufAllocator - -Dio.netty.allocator.maxCachedBufferCapacity: 32768
15:46:41.336 [main] DEBUG io.netty.buffer.PooledByteBufAllocator - -Dio.netty.allocator.cacheTrimInterval: 8192
15:46:41.337 [main] DEBUG io.netty.buffer.PooledByteBufAllocator - -Dio.netty.allocator.cacheTrimIntervalMillis: 0
15:46:41.337 [main] DEBUG io.netty.buffer.PooledByteBufAllocator - -Dio.netty.allocator.useCacheForAllThreads: true
15:46:41.337 [main] DEBUG io.netty.buffer.PooledByteBufAllocator - -Dio.netty.allocator.maxCachedByteBuffersPerChunk: 1023
15:46:41.354 [main] DEBUG io.netty.buffer.ByteBufUtil - -Dio.netty.allocator.type: pooled
15:46:41.354 [main] DEBUG io.netty.buffer.ByteBufUtil - -Dio.netty.threadLocalDirectBufferSize: 0
15:46:41.354 [main] DEBUG io.netty.buffer.ByteBufUtil - -Dio.netty.maxThreadLocalCharBufferSize: 16384
15:46:42.608 [Forwarding newSession on session null to remote] DEBUG io.netty.channel.DefaultChannelId - -Dio.netty.processId: 24268 (auto-detected)
15:46:42.612 [Forwarding newSession on session null to remote] DEBUG io.netty.util.NetUtil - -Djava.net.preferIPv4Stack: false
15:46:42.612 [Forwarding newSession on session null to remote] DEBUG io.netty.util.NetUtil - -Djava.net.preferIPv6Addresses: false
15:46:43.058 [Forwarding newSession on session null to remote] DEBUG io.netty.util.NetUtilInitializations - Loopback interface: lo (Software Loopback Interface 1, 127.0.0.1)
15:46:43.059 [Forwarding newSession on session null to remote] DEBUG io.netty.util.NetUtil - Failed to get SOMAXCONN from sysctl and file \proc\sys\net\core\somaxconn. Default: 200
15:46:43.277 [Forwarding newSession on session null to remote] DEBUG io.netty.channel.DefaultChannelId - -Dio.netty.machineId: ec:5c:68:ff:fe:24:c0:d7 (auto-detected)
15:46:43.371 [AsyncHttpClient-1-2] DEBUG io.netty.buffer.AbstractByteBuf - -Dio.netty.buffer.checkAccessible: true
15:46:43.371 [AsyncHttpClient-1-2] DEBUG io.netty.buffer.AbstractByteBuf - -Dio.netty.buffer.checkBounds: true
15:46:43.372 [AsyncHttpClient-1-2] DEBUG io.netty.util.ResourceLeakDetectorFactory - Loaded default ResourceLeakDetector: io.netty.util.ResourceLeakDetector@173c74e3
15:46:43.406 [AsyncHttpClient-1-2] DEBUG io.netty.util.Recycler - -Dio.netty.recycler.maxCapacityPerThread: 4096
15:46:43.406 [AsyncHttpClient-1-2] DEBUG io.netty.util.Recycler - -Dio.netty.recycler.maxSharedCapacityFactor: 2
15:46:43.406 [AsyncHttpClient-1-2] DEBUG io.netty.util.Recycler - -Dio.netty.recycler.linkCapacity: 16
15:46:43.406 [AsyncHttpClient-1-2] DEBUG io.netty.util.Recycler - -Dio.netty.recycler.ratio: 8
15:46:43.407 [AsyncHttpClient-1-2] DEBUG io.netty.util.Recycler - -Dio.netty.recycler.delayedQueue.ratio: 8
15:46:44.683 [AsyncHttpClient-1-2] DEBUG io.netty.handler.codec.compression.Brotli - brotli4j not in the classpath; Brotli support will be unavailable.
15:46:44.915 [main] DEBUG io.netty.util.internal.ThreadLocalRandom - -Dio.netty.initialSeedUniquifier: 0x1818bedd1949a60d
15:46:44.994 [main] INFO  testCases.Tc_006ProductCompare - Launched chrome browser
15:46:45.050 [main] INFO  testCases.Tc_006ProductCompare - started Tc_006ProductCompare
15:46:46.521 [main] INFO  testCases.Tc_006ProductCompare - Home Page Displayed 
15:46:49.982 [main] INFO  testCases.Tc_006ProductCompare - enter product
15:46:53.893 [main] INFO  testCases.Tc_006ProductCompare - product displayed on homepage
15:46:56.961 [main] INFO  testCases.Tc_006ProductCompare - product comparing
15:46:56.992 [main] FATAL testCases.Tc_006ProductCompare - productcomparison failed
15:46:57.207 [AsyncHttpClient-1-4] TRACE io.netty.handler.codec.http.websocketx.WebSocket08FrameEncoder - Encoding WebSocket Frame opCode=8 length=26
15:51:15.598 [main] DEBUG io.netty.util.internal.logging.InternalLoggerFactory - Using Log4J2 as the default logging framework
15:51:15.615 [main] DEBUG io.netty.util.ResourceLeakDetector - -Dio.netty.leakDetection.level: simple
15:51:15.615 [main] DEBUG io.netty.util.ResourceLeakDetector - -Dio.netty.leakDetection.targetRecords: 4
15:51:15.621 [main] DEBUG io.netty.util.ResourceLeakDetectorFactory - Loaded default ResourceLeakDetector: io.netty.util.ResourceLeakDetector@1cb3ec38
15:51:15.660 [main] DEBUG io.netty.util.internal.PlatformDependent0 - -Dio.netty.noUnsafe: false
15:51:15.660 [main] DEBUG io.netty.util.internal.PlatformDependent0 - Java version: 8
15:51:15.663 [main] DEBUG io.netty.util.internal.PlatformDependent0 - sun.misc.Unsafe.theUnsafe: available
15:51:15.668 [main] DEBUG io.netty.util.internal.PlatformDependent0 - sun.misc.Unsafe.copyMemory: available
15:51:15.669 [main] DEBUG io.netty.util.internal.PlatformDependent0 - java.nio.Buffer.address: available
15:51:15.670 [main] DEBUG io.netty.util.internal.PlatformDependent0 - direct buffer constructor: available
15:51:15.673 [main] DEBUG io.netty.util.internal.PlatformDependent0 - java.nio.Bits.unaligned: available, true
15:51:15.673 [main] DEBUG io.netty.util.internal.PlatformDependent0 - jdk.internal.misc.Unsafe.allocateUninitializedArray(int): unavailable prior to Java9
15:51:15.673 [main] DEBUG io.netty.util.internal.PlatformDependent0 - java.nio.DirectByteBuffer.<init>(long, int): available
15:51:15.673 [main] DEBUG io.netty.util.internal.PlatformDependent - sun.misc.Unsafe: available
15:51:15.674 [main] DEBUG io.netty.util.internal.PlatformDependent - -Dio.netty.tmpdir: C:\Users\priya\AppData\Local\Temp (java.io.tmpdir)
15:51:15.675 [main] DEBUG io.netty.util.internal.PlatformDependent - -Dio.netty.bitMode: 64 (sun.arch.data.model)
15:51:15.676 [main] DEBUG io.netty.util.internal.PlatformDependent - Platform: Windows
15:51:15.678 [main] DEBUG io.netty.util.internal.PlatformDependent - -Dio.netty.maxDirectMemory: 1881145344 bytes
15:51:15.678 [main] DEBUG io.netty.util.internal.PlatformDependent - -Dio.netty.uninitializedArrayAllocationThreshold: -1
15:51:15.680 [main] DEBUG io.netty.util.internal.CleanerJava6 - java.nio.ByteBuffer.cleaner(): available
15:51:15.680 [main] DEBUG io.netty.util.internal.PlatformDependent - -Dio.netty.noPreferDirect: false
15:51:15.699 [main] DEBUG io.netty.util.internal.PlatformDependent - org.jctools-core.MpscChunkedArrayQueue: available
15:51:15.739 [main] DEBUG io.netty.util.internal.InternalThreadLocalMap - -Dio.netty.threadLocalMap.stringBuilder.initialSize: 1024
15:51:15.739 [main] DEBUG io.netty.util.internal.InternalThreadLocalMap - -Dio.netty.threadLocalMap.stringBuilder.maxSize: 4096
15:51:15.782 [main] DEBUG io.netty.handler.ssl.JdkSslContext - Default protocols (JDK): [TLSv1.2, TLSv1.1, TLSv1] 
15:51:15.783 [main] DEBUG io.netty.handler.ssl.JdkSslContext - Default cipher suites (JDK): [TLS_ECDHE_ECDSA_WITH_AES_256_GCM_SHA384, TLS_ECDHE_ECDSA_WITH_AES_128_GCM_SHA256, TLS_ECDHE_RSA_WITH_AES_128_GCM_SHA256, TLS_ECDHE_RSA_WITH_AES_256_GCM_SHA384, TLS_ECDHE_RSA_WITH_AES_128_CBC_SHA, TLS_ECDHE_RSA_WITH_AES_256_CBC_SHA, TLS_RSA_WITH_AES_128_GCM_SHA256, TLS_RSA_WITH_AES_128_CBC_SHA, TLS_RSA_WITH_AES_256_CBC_SHA]
15:51:15.826 [main] DEBUG io.netty.channel.MultithreadEventLoopGroup - -Dio.netty.eventLoopThreads: 8
15:51:15.840 [main] DEBUG io.netty.channel.nio.NioEventLoop - -Dio.netty.noKeySetOptimization: false
15:51:15.840 [main] DEBUG io.netty.channel.nio.NioEventLoop - -Dio.netty.selectorAutoRebuildThreshold: 512
15:51:15.855 [main] TRACE io.netty.channel.nio.NioEventLoop - instrumented a special java.util.Set into: sun.nio.ch.WindowsSelectorImpl@d816dde
15:51:15.857 [main] TRACE io.netty.channel.nio.NioEventLoop - instrumented a special java.util.Set into: sun.nio.ch.WindowsSelectorImpl@31c269fd
15:51:15.858 [main] TRACE io.netty.channel.nio.NioEventLoop - instrumented a special java.util.Set into: sun.nio.ch.WindowsSelectorImpl@372b0d86
15:51:15.859 [main] TRACE io.netty.channel.nio.NioEventLoop - instrumented a special java.util.Set into: sun.nio.ch.WindowsSelectorImpl@47747fb9
15:51:15.861 [main] TRACE io.netty.channel.nio.NioEventLoop - instrumented a special java.util.Set into: sun.nio.ch.WindowsSelectorImpl@3113a37
15:51:15.862 [main] TRACE io.netty.channel.nio.NioEventLoop - instrumented a special java.util.Set into: sun.nio.ch.WindowsSelectorImpl@213e3629
15:51:15.863 [main] TRACE io.netty.channel.nio.NioEventLoop - instrumented a special java.util.Set into: sun.nio.ch.WindowsSelectorImpl@4e9658b5
15:51:15.865 [main] TRACE io.netty.channel.nio.NioEventLoop - instrumented a special java.util.Set into: sun.nio.ch.WindowsSelectorImpl@2a7b6f69
15:51:15.900 [main] DEBUG io.netty.buffer.PooledByteBufAllocator - -Dio.netty.allocator.numHeapArenas: 8
15:51:15.900 [main] DEBUG io.netty.buffer.PooledByteBufAllocator - -Dio.netty.allocator.numDirectArenas: 8
15:51:15.900 [main] DEBUG io.netty.buffer.PooledByteBufAllocator - -Dio.netty.allocator.pageSize: 8192
15:51:15.900 [main] DEBUG io.netty.buffer.PooledByteBufAllocator - -Dio.netty.allocator.maxOrder: 11
15:51:15.900 [main] DEBUG io.netty.buffer.PooledByteBufAllocator - -Dio.netty.allocator.chunkSize: 16777216
15:51:15.900 [main] DEBUG io.netty.buffer.PooledByteBufAllocator - -Dio.netty.allocator.smallCacheSize: 256
15:51:15.900 [main] DEBUG io.netty.buffer.PooledByteBufAllocator - -Dio.netty.allocator.normalCacheSize: 64
15:51:15.901 [main] DEBUG io.netty.buffer.PooledByteBufAllocator - -Dio.netty.allocator.maxCachedBufferCapacity: 32768
15:51:15.901 [main] DEBUG io.netty.buffer.PooledByteBufAllocator - -Dio.netty.allocator.cacheTrimInterval: 8192
15:51:15.901 [main] DEBUG io.netty.buffer.PooledByteBufAllocator - -Dio.netty.allocator.cacheTrimIntervalMillis: 0
15:51:15.901 [main] DEBUG io.netty.buffer.PooledByteBufAllocator - -Dio.netty.allocator.useCacheForAllThreads: true
15:51:15.901 [main] DEBUG io.netty.buffer.PooledByteBufAllocator - -Dio.netty.allocator.maxCachedByteBuffersPerChunk: 1023
15:51:15.917 [main] DEBUG io.netty.buffer.ByteBufUtil - -Dio.netty.allocator.type: pooled
15:51:15.917 [main] DEBUG io.netty.buffer.ByteBufUtil - -Dio.netty.threadLocalDirectBufferSize: 0
15:51:15.917 [main] DEBUG io.netty.buffer.ByteBufUtil - -Dio.netty.maxThreadLocalCharBufferSize: 16384
15:51:17.247 [Forwarding newSession on session null to remote] DEBUG io.netty.channel.DefaultChannelId - -Dio.netty.processId: 30816 (auto-detected)
15:51:17.255 [Forwarding newSession on session null to remote] DEBUG io.netty.util.NetUtil - -Djava.net.preferIPv4Stack: false
15:51:17.257 [Forwarding newSession on session null to remote] DEBUG io.netty.util.NetUtil - -Djava.net.preferIPv6Addresses: false
15:51:17.677 [Forwarding newSession on session null to remote] DEBUG io.netty.util.NetUtilInitializations - Loopback interface: lo (Software Loopback Interface 1, 127.0.0.1)
15:51:17.679 [Forwarding newSession on session null to remote] DEBUG io.netty.util.NetUtil - Failed to get SOMAXCONN from sysctl and file \proc\sys\net\core\somaxconn. Default: 200
15:51:17.876 [Forwarding newSession on session null to remote] DEBUG io.netty.channel.DefaultChannelId - -Dio.netty.machineId: ec:5c:68:ff:fe:24:c0:d7 (auto-detected)
15:51:17.950 [AsyncHttpClient-1-2] DEBUG io.netty.buffer.AbstractByteBuf - -Dio.netty.buffer.checkAccessible: true
15:51:17.951 [AsyncHttpClient-1-2] DEBUG io.netty.buffer.AbstractByteBuf - -Dio.netty.buffer.checkBounds: true
15:51:17.951 [AsyncHttpClient-1-2] DEBUG io.netty.util.ResourceLeakDetectorFactory - Loaded default ResourceLeakDetector: io.netty.util.ResourceLeakDetector@1673bcf5
15:51:17.993 [AsyncHttpClient-1-2] DEBUG io.netty.util.Recycler - -Dio.netty.recycler.maxCapacityPerThread: 4096
15:51:17.993 [AsyncHttpClient-1-2] DEBUG io.netty.util.Recycler - -Dio.netty.recycler.maxSharedCapacityFactor: 2
15:51:17.993 [AsyncHttpClient-1-2] DEBUG io.netty.util.Recycler - -Dio.netty.recycler.linkCapacity: 16
15:51:17.993 [AsyncHttpClient-1-2] DEBUG io.netty.util.Recycler - -Dio.netty.recycler.ratio: 8
15:51:17.994 [AsyncHttpClient-1-2] DEBUG io.netty.util.Recycler - -Dio.netty.recycler.delayedQueue.ratio: 8
15:51:19.076 [AsyncHttpClient-1-2] DEBUG io.netty.handler.codec.compression.Brotli - brotli4j not in the classpath; Brotli support will be unavailable.
15:51:19.372 [main] DEBUG io.netty.util.internal.ThreadLocalRandom - -Dio.netty.initialSeedUniquifier: 0x3c127a6bf6a0249d
15:51:19.442 [main] INFO  testCases.Tc_006ProductCompare - Launched chrome browser
15:51:19.523 [main] INFO  testCases.Tc_006ProductCompare - started Tc_006ProductCompare
15:51:20.765 [main] INFO  testCases.Tc_006ProductCompare - Home Page Displayed 
15:51:24.407 [main] INFO  testCases.Tc_006ProductCompare - enter product
15:51:28.253 [main] INFO  testCases.Tc_006ProductCompare - product displayed on homepage
15:51:31.339 [main] INFO  testCases.Tc_006ProductCompare - product comparing
15:51:31.385 [main] FATAL testCases.Tc_006ProductCompare - productcomparison failed
15:51:31.637 [AsyncHttpClient-1-4] TRACE io.netty.handler.codec.http.websocketx.WebSocket08FrameEncoder - Encoding WebSocket Frame opCode=8 length=26
15:53:28.965 [main] DEBUG io.netty.util.internal.logging.InternalLoggerFactory - Using Log4J2 as the default logging framework
15:53:28.981 [main] DEBUG io.netty.util.ResourceLeakDetector - -Dio.netty.leakDetection.level: simple
15:53:28.981 [main] DEBUG io.netty.util.ResourceLeakDetector - -Dio.netty.leakDetection.targetRecords: 4
15:53:28.987 [main] DEBUG io.netty.util.ResourceLeakDetectorFactory - Loaded default ResourceLeakDetector: io.netty.util.ResourceLeakDetector@1cb3ec38
15:53:29.019 [main] DEBUG io.netty.util.internal.PlatformDependent0 - -Dio.netty.noUnsafe: false
15:53:29.019 [main] DEBUG io.netty.util.internal.PlatformDependent0 - Java version: 8
15:53:29.021 [main] DEBUG io.netty.util.internal.PlatformDependent0 - sun.misc.Unsafe.theUnsafe: available
15:53:29.022 [main] DEBUG io.netty.util.internal.PlatformDependent0 - sun.misc.Unsafe.copyMemory: available
15:53:29.022 [main] DEBUG io.netty.util.internal.PlatformDependent0 - java.nio.Buffer.address: available
15:53:29.023 [main] DEBUG io.netty.util.internal.PlatformDependent0 - direct buffer constructor: available
15:53:29.025 [main] DEBUG io.netty.util.internal.PlatformDependent0 - java.nio.Bits.unaligned: available, true
15:53:29.025 [main] DEBUG io.netty.util.internal.PlatformDependent0 - jdk.internal.misc.Unsafe.allocateUninitializedArray(int): unavailable prior to Java9
15:53:29.025 [main] DEBUG io.netty.util.internal.PlatformDependent0 - java.nio.DirectByteBuffer.<init>(long, int): available
15:53:29.025 [main] DEBUG io.netty.util.internal.PlatformDependent - sun.misc.Unsafe: available
15:53:29.026 [main] DEBUG io.netty.util.internal.PlatformDependent - -Dio.netty.tmpdir: C:\Users\priya\AppData\Local\Temp (java.io.tmpdir)
15:53:29.026 [main] DEBUG io.netty.util.internal.PlatformDependent - -Dio.netty.bitMode: 64 (sun.arch.data.model)
15:53:29.027 [main] DEBUG io.netty.util.internal.PlatformDependent - Platform: Windows
15:53:29.028 [main] DEBUG io.netty.util.internal.PlatformDependent - -Dio.netty.maxDirectMemory: 1881145344 bytes
15:53:29.028 [main] DEBUG io.netty.util.internal.PlatformDependent - -Dio.netty.uninitializedArrayAllocationThreshold: -1
15:53:29.029 [main] DEBUG io.netty.util.internal.CleanerJava6 - java.nio.ByteBuffer.cleaner(): available
15:53:29.030 [main] DEBUG io.netty.util.internal.PlatformDependent - -Dio.netty.noPreferDirect: false
15:53:29.046 [main] DEBUG io.netty.util.internal.PlatformDependent - org.jctools-core.MpscChunkedArrayQueue: available
15:53:29.086 [main] DEBUG io.netty.util.internal.InternalThreadLocalMap - -Dio.netty.threadLocalMap.stringBuilder.initialSize: 1024
15:53:29.086 [main] DEBUG io.netty.util.internal.InternalThreadLocalMap - -Dio.netty.threadLocalMap.stringBuilder.maxSize: 4096
15:53:29.132 [main] DEBUG io.netty.handler.ssl.JdkSslContext - Default protocols (JDK): [TLSv1.2, TLSv1.1, TLSv1] 
15:53:29.132 [main] DEBUG io.netty.handler.ssl.JdkSslContext - Default cipher suites (JDK): [TLS_ECDHE_ECDSA_WITH_AES_256_GCM_SHA384, TLS_ECDHE_ECDSA_WITH_AES_128_GCM_SHA256, TLS_ECDHE_RSA_WITH_AES_128_GCM_SHA256, TLS_ECDHE_RSA_WITH_AES_256_GCM_SHA384, TLS_ECDHE_RSA_WITH_AES_128_CBC_SHA, TLS_ECDHE_RSA_WITH_AES_256_CBC_SHA, TLS_RSA_WITH_AES_128_GCM_SHA256, TLS_RSA_WITH_AES_128_CBC_SHA, TLS_RSA_WITH_AES_256_CBC_SHA]
15:53:29.175 [main] DEBUG io.netty.channel.MultithreadEventLoopGroup - -Dio.netty.eventLoopThreads: 8
15:53:29.194 [main] DEBUG io.netty.channel.nio.NioEventLoop - -Dio.netty.noKeySetOptimization: false
15:53:29.194 [main] DEBUG io.netty.channel.nio.NioEventLoop - -Dio.netty.selectorAutoRebuildThreshold: 512
15:53:29.212 [main] TRACE io.netty.channel.nio.NioEventLoop - instrumented a special java.util.Set into: sun.nio.ch.WindowsSelectorImpl@d816dde
15:53:29.214 [main] TRACE io.netty.channel.nio.NioEventLoop - instrumented a special java.util.Set into: sun.nio.ch.WindowsSelectorImpl@31c269fd
15:53:29.216 [main] TRACE io.netty.channel.nio.NioEventLoop - instrumented a special java.util.Set into: sun.nio.ch.WindowsSelectorImpl@372b0d86
15:53:29.217 [main] TRACE io.netty.channel.nio.NioEventLoop - instrumented a special java.util.Set into: sun.nio.ch.WindowsSelectorImpl@47747fb9
15:53:29.219 [main] TRACE io.netty.channel.nio.NioEventLoop - instrumented a special java.util.Set into: sun.nio.ch.WindowsSelectorImpl@3113a37
15:53:29.221 [main] TRACE io.netty.channel.nio.NioEventLoop - instrumented a special java.util.Set into: sun.nio.ch.WindowsSelectorImpl@213e3629
15:53:29.222 [main] TRACE io.netty.channel.nio.NioEventLoop - instrumented a special java.util.Set into: sun.nio.ch.WindowsSelectorImpl@4e9658b5
15:53:29.223 [main] TRACE io.netty.channel.nio.NioEventLoop - instrumented a special java.util.Set into: sun.nio.ch.WindowsSelectorImpl@2a7b6f69
15:53:29.265 [main] DEBUG io.netty.buffer.PooledByteBufAllocator - -Dio.netty.allocator.numHeapArenas: 8
15:53:29.265 [main] DEBUG io.netty.buffer.PooledByteBufAllocator - -Dio.netty.allocator.numDirectArenas: 8
15:53:29.266 [main] DEBUG io.netty.buffer.PooledByteBufAllocator - -Dio.netty.allocator.pageSize: 8192
15:53:29.266 [main] DEBUG io.netty.buffer.PooledByteBufAllocator - -Dio.netty.allocator.maxOrder: 11
15:53:29.266 [main] DEBUG io.netty.buffer.PooledByteBufAllocator - -Dio.netty.allocator.chunkSize: 16777216
15:53:29.266 [main] DEBUG io.netty.buffer.PooledByteBufAllocator - -Dio.netty.allocator.smallCacheSize: 256
15:53:29.266 [main] DEBUG io.netty.buffer.PooledByteBufAllocator - -Dio.netty.allocator.normalCacheSize: 64
15:53:29.266 [main] DEBUG io.netty.buffer.PooledByteBufAllocator - -Dio.netty.allocator.maxCachedBufferCapacity: 32768
15:53:29.266 [main] DEBUG io.netty.buffer.PooledByteBufAllocator - -Dio.netty.allocator.cacheTrimInterval: 8192
15:53:29.267 [main] DEBUG io.netty.buffer.PooledByteBufAllocator - -Dio.netty.allocator.cacheTrimIntervalMillis: 0
15:53:29.267 [main] DEBUG io.netty.buffer.PooledByteBufAllocator - -Dio.netty.allocator.useCacheForAllThreads: true
15:53:29.267 [main] DEBUG io.netty.buffer.PooledByteBufAllocator - -Dio.netty.allocator.maxCachedByteBuffersPerChunk: 1023
15:53:29.288 [main] DEBUG io.netty.buffer.ByteBufUtil - -Dio.netty.allocator.type: pooled
15:53:29.288 [main] DEBUG io.netty.buffer.ByteBufUtil - -Dio.netty.threadLocalDirectBufferSize: 0
15:53:29.288 [main] DEBUG io.netty.buffer.ByteBufUtil - -Dio.netty.maxThreadLocalCharBufferSize: 16384
15:53:30.300 [Forwarding newSession on session null to remote] DEBUG io.netty.channel.DefaultChannelId - -Dio.netty.processId: 17592 (auto-detected)
15:53:30.303 [Forwarding newSession on session null to remote] DEBUG io.netty.util.NetUtil - -Djava.net.preferIPv4Stack: false
15:53:30.303 [Forwarding newSession on session null to remote] DEBUG io.netty.util.NetUtil - -Djava.net.preferIPv6Addresses: false
15:53:30.500 [Forwarding newSession on session null to remote] DEBUG io.netty.util.NetUtilInitializations - Loopback interface: lo (Software Loopback Interface 1, 127.0.0.1)
15:53:30.502 [Forwarding newSession on session null to remote] DEBUG io.netty.util.NetUtil - Failed to get SOMAXCONN from sysctl and file \proc\sys\net\core\somaxconn. Default: 200
15:53:30.716 [Forwarding newSession on session null to remote] DEBUG io.netty.channel.DefaultChannelId - -Dio.netty.machineId: ec:5c:68:ff:fe:24:c0:d7 (auto-detected)
